<?xml version="1.0" encoding="UTF-8"?>
<testsuite xmlns:xsi="http://www.w3.org/2001/XMLSchema-instance" xsi:noNamespaceSchemaLocation="https://maven.apache.org/surefire/maven-surefire-plugin/xsd/surefire-test-report.xsd" name="br.com.swconsultoria.certificado.TipoCertificadoEnumTest" time="0.062" tests="3" errors="0" skipped="0" failures="0">
  <properties>
[...]
</properties>
  <testcase name="deveLancarExcecaoCasoTenteBuscarDescricaoErrada" classname="br.com.swconsultoria.certificado.TipoCertificadoEnumTest" time="0.019"/>
  <testcase name="deveObterAtravesDaDescricao" classname="br.com.swconsultoria.certificado.TipoCertificadoEnumTest" time="0.008"/>
  <testcase name="deveRepresentarADescricaoCorretamente" classname="br.com.swconsultoria.certificado.TipoCertificadoEnumTest" time="0.002"/>
</testsuite>